<?xml version="1.0" encoding="UTF-8"?>
<!-- Generated by org.testng.reporters.JUnitReportReporter -->
<testsuite hostname="LAPTOP-PRMGFD3N" failures="0" tests="2" name="tests.GetAndPostTests" time="2.759" errors="0" timestamp="2025-04-07T18:06:00 IST" skipped="0">
  <testcase classname="tests.GetAndPostTests" name="testPost" time="0.552"/>
  <testcase classname="tests.GetAndPostTests" name="testGet" time="2.207"/>
</testsuite> <!-- tests.GetAndPostTests -->
