<?xml version="1.0" encoding="UTF-8"?>
<!-- Generated by org.testng.reporters.JUnitReportReporter -->
<testsuite hostname="LAPTOP-PRMGFD3N" failures="0" tests="1" name="tests.SoapXMLRequest" time="4.000" errors="0" timestamp="2025-04-10T00:37:59 IST" skipped="0">
  <testcase classname="tests.SoapXMLRequest" name="validateSoapXML" time="4.000"/>
</testsuite> <!-- tests.SoapXMLRequest -->
