<?xml version="1.0" encoding="UTF-8"?>
<!-- Generated by org.testng.reporters.JUnitReportReporter -->
<testsuite hostname="LAPTOP-PRMGFD3N" failures="0" tests="2" name="tests.TestsExamples" time="4.151" errors="0" timestamp="2025-03-20T17:33:59 IST" skipped="0">
  <testcase classname="tests.TestsExamples" name="test1" time="2.569"/>
  <testcase classname="tests.TestsExamples" name="test2" time="1.582"/>
</testsuite> <!-- tests.TestsExamples -->
