<?xml version="1.0" encoding="UTF-8"?>
<!-- Generated by org.testng.reporters.JUnitReportReporter -->
<testsuite hostname="LAPTOP-PRMGFD3N" failures="0" tests="1" name="tests.JSONSchemaValidator" time="1.803" errors="0" timestamp="2025-04-10T20:34:58 IST" skipped="0">
  <testcase classname="tests.JSONSchemaValidator" name="testGet" time="1.803"/>
</testsuite> <!-- tests.JSONSchemaValidator -->
