<?xml version="1.0" encoding="UTF-8"?>
<!-- Generated by org.testng.reporters.JUnitReportReporter -->
<testsuite hostname="LAPTOP-PRMGFD3N" failures="0" tests="1" name="tests.TestsOnLocalAPI" time="1.131" errors="0" timestamp="2025-04-08T19:50:41 IST" skipped="0">
  <testcase classname="tests.TestsOnLocalAPI" name="delete" time="1.131"/>
</testsuite> <!-- tests.TestsOnLocalAPI -->
