<?xml version="1.0" encoding="UTF-8"?>
<!-- Generated by org.testng.reporters.JUnitReportReporter -->
<testsuite hostname="LAPTOP-PRMGFD3N" failures="0" tests="3" name="tests.PutPatchDeleteExamples" time="2.619" errors="0" timestamp="2025-04-07T19:25:34 IST" skipped="0">
  <testcase classname="tests.PutPatchDeleteExamples" name="testPatch" time="0.491"/>
  <testcase classname="tests.PutPatchDeleteExamples" name="testPut" time="0.478"/>
  <testcase classname="tests.PutPatchDeleteExamples" name="testDelete" time="1.650"/>
</testsuite> <!-- tests.PutPatchDeleteExamples -->
